0 info it worked if it ends with ok
1 verbose cli [ '/usr/local/Cellar/node/6.7.0/bin/node',
1 verbose cli   '/usr/local/bin/npm',
1 verbose cli   'install' ]
2 info using npm@3.10.7
3 info using node@v6.7.0
4 silly loadCurrentTree Starting
5 silly install loadCurrentTree
6 silly install readLocalPackageData
7 silly install normalizeTree
8 silly loadCurrentTree Finishing
9 silly loadIdealTree Starting
10 silly install loadIdealTree
11 silly cloneCurrentTree Starting
12 silly install cloneCurrentTreeToIdealTree
13 silly cloneCurrentTree Finishing
14 silly loadShrinkwrap Starting
15 silly install loadShrinkwrap
16 silly loadShrinkwrap Finishing
17 silly loadAllDepsIntoIdealTree Starting
18 silly install loadAllDepsIntoIdealTree
19 silly fetchNamedPackageData mongod
20 silly mapToRegistry name mongod
21 silly mapToRegistry using default registry
22 silly mapToRegistry registry https://registry.npmjs.org/
23 silly mapToRegistry data Result {
23 silly mapToRegistry   raw: 'mongod',
23 silly mapToRegistry   scope: null,
23 silly mapToRegistry   escapedName: 'mongod',
23 silly mapToRegistry   name: 'mongod',
23 silly mapToRegistry   rawSpec: '',
23 silly mapToRegistry   spec: 'latest',
23 silly mapToRegistry   type: 'tag' }
24 silly mapToRegistry uri https://registry.npmjs.org/mongod
25 verbose request uri https://registry.npmjs.org/mongod
26 verbose request no auth needed
27 info attempt registry request try #1 at 2:30:47 AM
28 verbose request id c3951d3fe318c523
29 http request GET https://registry.npmjs.org/mongod
30 http 200 https://registry.npmjs.org/mongod
31 verbose headers { server: 'CouchDB/1.5.0 (Erlang OTP/R16B03)',
31 verbose headers   etag: '"BZCT985QEK2UVFXRSBLRLGRQ"',
31 verbose headers   'content-type': 'application/json',
31 verbose headers   'content-encoding': 'gzip',
31 verbose headers   'cache-control': 'max-age=300',
31 verbose headers   'content-length': '1390',
31 verbose headers   'accept-ranges': 'bytes',
31 verbose headers   date: 'Sun, 23 Oct 2016 07:30:54 GMT',
31 verbose headers   via: '1.1 varnish',
31 verbose headers   age: '0',
31 verbose headers   connection: 'keep-alive',
31 verbose headers   'x-served-by': 'cache-dfw1831-DFW',
31 verbose headers   'x-cache': 'MISS',
31 verbose headers   'x-cache-hits': '0',
31 verbose headers   'x-timer': 'S1477207854.751323,VS0,VE184',
31 verbose headers   vary: 'Accept-Encoding' }
32 silly get cb [ 200,
32 silly get   { server: 'CouchDB/1.5.0 (Erlang OTP/R16B03)',
32 silly get     etag: '"BZCT985QEK2UVFXRSBLRLGRQ"',
32 silly get     'content-type': 'application/json',
32 silly get     'content-encoding': 'gzip',
32 silly get     'cache-control': 'max-age=300',
32 silly get     'content-length': '1390',
32 silly get     'accept-ranges': 'bytes',
32 silly get     date: 'Sun, 23 Oct 2016 07:30:54 GMT',
32 silly get     via: '1.1 varnish',
32 silly get     age: '0',
32 silly get     connection: 'keep-alive',
32 silly get     'x-served-by': 'cache-dfw1831-DFW',
32 silly get     'x-cache': 'MISS',
32 silly get     'x-cache-hits': '0',
32 silly get     'x-timer': 'S1477207854.751323,VS0,VE184',
32 silly get     vary: 'Accept-Encoding' } ]
33 verbose get saving mongod to /Users/rledford/.npm/registry.npmjs.org/mongod/.cache.json
34 verbose correctMkdir /Users/rledford/.npm correctMkdir not in flight; initializing
35 silly fetchPackageMetaData Error: No compatible version found: mongod@~1.4.38
35 silly fetchPackageMetaData Valid install targets:
35 silly fetchPackageMetaData 1.3.0, 1.2.0, 1.1.1, 1.1.0, 1.0.0
35 silly fetchPackageMetaData
35 silly fetchPackageMetaData     at pickVersionFromRegistryDocument (/usr/local/lib/node_modules/npm/lib/fetch-package-metadata.js:178:16)
35 silly fetchPackageMetaData     at /usr/local/lib/node_modules/npm/node_modules/iferr/index.js:13:50
35 silly fetchPackageMetaData     at /usr/local/lib/node_modules/npm/lib/utils/pulse-till-done.js:20:8
35 silly fetchPackageMetaData     at saved (/usr/local/lib/node_modules/npm/lib/cache/caching-client.js:174:7)
35 silly fetchPackageMetaData     at /usr/local/lib/node_modules/npm/node_modules/graceful-fs/polyfills.js:233:15
35 silly fetchPackageMetaData     at FSReqWrap.oncomplete (fs.js:123:15)
35 silly fetchPackageMetaData  error for mongod@~1.4.38 Error: No compatible version found: mongod@~1.4.38
35 silly fetchPackageMetaData Valid install targets:
35 silly fetchPackageMetaData 1.3.0, 1.2.0, 1.1.1, 1.1.0, 1.0.0
35 silly fetchPackageMetaData
35 silly fetchPackageMetaData     at pickVersionFromRegistryDocument (/usr/local/lib/node_modules/npm/lib/fetch-package-metadata.js:178:16)
35 silly fetchPackageMetaData     at /usr/local/lib/node_modules/npm/node_modules/iferr/index.js:13:50
35 silly fetchPackageMetaData     at /usr/local/lib/node_modules/npm/lib/utils/pulse-till-done.js:20:8
35 silly fetchPackageMetaData     at saved (/usr/local/lib/node_modules/npm/lib/cache/caching-client.js:174:7)
35 silly fetchPackageMetaData     at /usr/local/lib/node_modules/npm/node_modules/graceful-fs/polyfills.js:233:15
35 silly fetchPackageMetaData     at FSReqWrap.oncomplete (fs.js:123:15)
36 silly rollbackFailedOptional Starting
37 silly rollbackFailedOptional Finishing
38 silly runTopLevelLifecycles Finishing
39 silly install printInstalled
40 verbose stack Error: No compatible version found: mongod@~1.4.38
40 verbose stack Valid install targets:
40 verbose stack 1.3.0, 1.2.0, 1.1.1, 1.1.0, 1.0.0
40 verbose stack
40 verbose stack     at pickVersionFromRegistryDocument (/usr/local/lib/node_modules/npm/lib/fetch-package-metadata.js:178:16)
40 verbose stack     at /usr/local/lib/node_modules/npm/node_modules/iferr/index.js:13:50
40 verbose stack     at /usr/local/lib/node_modules/npm/lib/utils/pulse-till-done.js:20:8
40 verbose stack     at saved (/usr/local/lib/node_modules/npm/lib/cache/caching-client.js:174:7)
40 verbose stack     at /usr/local/lib/node_modules/npm/node_modules/graceful-fs/polyfills.js:233:15
40 verbose stack     at FSReqWrap.oncomplete (fs.js:123:15)
41 verbose cwd /Users/rledford/Desktop/fcc_api_projects/image-search
42 error Darwin 15.6.0
43 error argv "/usr/local/Cellar/node/6.7.0/bin/node" "/usr/local/bin/npm" "install"
44 error node v6.7.0
45 error npm  v3.10.7
46 error No compatible version found: mongod@~1.4.38
46 error Valid install targets:
46 error 1.3.0, 1.2.0, 1.1.1, 1.1.0, 1.0.0
47 error If you need help, you may report this error at:
47 error     <https://github.com/npm/npm/issues>
48 verbose exit [ 1, true ]
